{"C:\\Users\\bradn\\futureproof\\Front_end_Habitual\\static\\js\\script.js": {"path":"C:\\Users\\bradn\\futureproof\\Front_end_Habitual\\static\\js\\script.js","statementMap":{"0":{"start":{"line":6,"column":19},"end":{"line":6,"column":62}},"1":{"start":{"line":7,"column":15},"end":{"line":7,"column":36}},"2":{"start":{"line":8,"column":4},"end":{"line":8,"column":41}},"3":{"start":{"line":8,"column":26},"end":{"line":8,"column":40}},"4":{"start":{"line":16,"column":19},"end":{"line":16,"column":68}},"5":{"start":{"line":17,"column":15},"end":{"line":17,"column":36}},"6":{"start":{"line":18,"column":4},"end":{"line":18,"column":73}},"7":{"start":{"line":25,"column":4},"end":{"line":25,"column":23}},"8":{"start":{"line":26,"column":4},"end":{"line":47,"column":5}},"9":{"start":{"line":27,"column":24},"end":{"line":36,"column":9}},"10":{"start":{"line":38,"column":25},"end":{"line":38,"column":77}},"11":{"start":{"line":39,"column":28},"end":{"line":39,"column":49}},"12":{"start":{"line":40,"column":8},"end":{"line":44,"column":9}},"13":{"start":{"line":41,"column":12},"end":{"line":41,"column":28}},"14":{"start":{"line":43,"column":12},"end":{"line":43,"column":24}},"15":{"start":{"line":46,"column":8},"end":{"line":46,"column":26}},"16":{"start":{"line":51,"column":4},"end":{"line":51,"column":23}},"17":{"start":{"line":52,"column":4},"end":{"line":70,"column":5}},"18":{"start":{"line":53,"column":24},"end":{"line":59,"column":9}},"19":{"start":{"line":60,"column":19},"end":{"line":60,"column":41}},"20":{"start":{"line":61,"column":25},"end":{"line":61,"column":83}},"21":{"start":{"line":62,"column":28},"end":{"line":62,"column":49}},"22":{"start":{"line":63,"column":8},"end":{"line":67,"column":9}},"23":{"start":{"line":64,"column":12},"end":{"line":64,"column":28}},"24":{"start":{"line":66,"column":12},"end":{"line":66,"column":24}},"25":{"start":{"line":69,"column":8},"end":{"line":69,"column":26}},"26":{"start":{"line":75,"column":18},"end":{"line":94,"column":1}},"27":{"start":{"line":77,"column":17},"end":{"line":77,"column":46}},"28":{"start":{"line":78,"column":21},"end":{"line":78,"column":50}},"29":{"start":{"line":80,"column":4},"end":{"line":80,"column":31}},"30":{"start":{"line":82,"column":22},"end":{"line":82,"column":51}},"31":{"start":{"line":83,"column":4},"end":{"line":83,"column":34}},"32":{"start":{"line":85,"column":4},"end":{"line":85,"column":31}},"33":{"start":{"line":87,"column":29},"end":{"line":87,"column":58}},"34":{"start":{"line":88,"column":4},"end":{"line":88,"column":90}},"35":{"start":{"line":90,"column":4},"end":{"line":90,"column":39}},"36":{"start":{"line":101,"column":16},"end":{"line":175,"column":1}},"37":{"start":{"line":102,"column":4},"end":{"line":171,"column":5}},"38":{"start":{"line":103,"column":23},"end":{"line":103,"column":52}},"39":{"start":{"line":104,"column":8},"end":{"line":104,"column":34}},"40":{"start":{"line":105,"column":8},"end":{"line":105,"column":42}},"41":{"start":{"line":107,"column":29},"end":{"line":107,"column":58}},"42":{"start":{"line":108,"column":8},"end":{"line":108,"column":45}},"43":{"start":{"line":109,"column":8},"end":{"line":109,"column":53}},"44":{"start":{"line":110,"column":8},"end":{"line":110,"column":55}},"45":{"start":{"line":113,"column":31},"end":{"line":113,"column":60}},"46":{"start":{"line":114,"column":8},"end":{"line":114,"column":50}},"47":{"start":{"line":115,"column":8},"end":{"line":115,"column":58}},"48":{"start":{"line":116,"column":8},"end":{"line":116,"column":88}},"49":{"start":{"line":118,"column":27},"end":{"line":118,"column":59}},"50":{"start":{"line":119,"column":8},"end":{"line":119,"column":55}},"51":{"start":{"line":120,"column":8},"end":{"line":120,"column":36}},"52":{"start":{"line":121,"column":8},"end":{"line":121,"column":47}},"53":{"start":{"line":123,"column":8},"end":{"line":123,"column":40}},"54":{"start":{"line":124,"column":8},"end":{"line":124,"column":42}},"55":{"start":{"line":125,"column":8},"end":{"line":125,"column":38}},"56":{"start":{"line":128,"column":25},"end":{"line":128,"column":67}},"57":{"start":{"line":129,"column":26},"end":{"line":129,"column":69}},"58":{"start":{"line":130,"column":27},"end":{"line":130,"column":71}},"59":{"start":{"line":132,"column":8},"end":{"line":140,"column":9}},"60":{"start":{"line":133,"column":12},"end":{"line":133,"column":40}},"61":{"start":{"line":135,"column":13},"end":{"line":140,"column":9}},"62":{"start":{"line":136,"column":12},"end":{"line":136,"column":41}},"63":{"start":{"line":139,"column":12},"end":{"line":139,"column":42}},"64":{"start":{"line":141,"column":25},"end":{"line":141,"column":77}},"65":{"start":{"line":142,"column":8},"end":{"line":146,"column":10}},"66":{"start":{"line":143,"column":12},"end":{"line":145,"column":14}},"67":{"start":{"line":144,"column":16},"end":{"line":144,"column":34}},"68":{"start":{"line":148,"column":23},"end":{"line":148,"column":52}},"69":{"start":{"line":149,"column":8},"end":{"line":149,"column":34}},"70":{"start":{"line":150,"column":8},"end":{"line":150,"column":42}},"71":{"start":{"line":152,"column":29},"end":{"line":152,"column":58}},"72":{"start":{"line":153,"column":8},"end":{"line":153,"column":45}},"73":{"start":{"line":154,"column":8},"end":{"line":154,"column":53}},"74":{"start":{"line":155,"column":8},"end":{"line":155,"column":55}},"75":{"start":{"line":157,"column":8},"end":{"line":157,"column":40}},"76":{"start":{"line":158,"column":25},"end":{"line":158,"column":67}},"77":{"start":{"line":159,"column":26},"end":{"line":159,"column":69}},"78":{"start":{"line":160,"column":27},"end":{"line":160,"column":71}},"79":{"start":{"line":162,"column":8},"end":{"line":170,"column":9}},"80":{"start":{"line":163,"column":12},"end":{"line":163,"column":40}},"81":{"start":{"line":165,"column":13},"end":{"line":170,"column":9}},"82":{"start":{"line":166,"column":12},"end":{"line":166,"column":41}},"83":{"start":{"line":169,"column":12},"end":{"line":169,"column":42}},"84":{"start":{"line":176,"column":0},"end":{"line":177,"column":8}}},"fnMap":{"0":{"name":"fetchAll","decl":{"start":{"line":5,"column":15},"end":{"line":5,"column":23}},"loc":{"start":{"line":5,"column":26},"end":{"line":9,"column":1}},"line":5},"1":{"name":"(anonymous_1)","decl":{"start":{"line":8,"column":17},"end":{"line":8,"column":18}},"loc":{"start":{"line":8,"column":26},"end":{"line":8,"column":40}},"line":8},"2":{"name":"fetchOne","decl":{"start":{"line":14,"column":15},"end":{"line":14,"column":23}},"loc":{"start":{"line":14,"column":28},"end":{"line":21,"column":1}},"line":14},"3":{"name":"postHabit","decl":{"start":{"line":24,"column":15},"end":{"line":24,"column":24}},"loc":{"start":{"line":24,"column":28},"end":{"line":48,"column":1}},"line":24},"4":{"name":"appendFrequency","decl":{"start":{"line":50,"column":15},"end":{"line":50,"column":30}},"loc":{"start":{"line":50,"column":34},"end":{"line":72,"column":1}},"line":50},"5":{"name":"(anonymous_5)","decl":{"start":{"line":75,"column":18},"end":{"line":75,"column":19}},"loc":{"start":{"line":75,"column":55},"end":{"line":94,"column":1}},"line":75},"6":{"name":"(anonymous_6)","decl":{"start":{"line":101,"column":16},"end":{"line":101,"column":17}},"loc":{"start":{"line":101,"column":31},"end":{"line":175,"column":1}},"line":101},"7":{"name":"(anonymous_7)","decl":{"start":{"line":142,"column":25},"end":{"line":142,"column":26}},"loc":{"start":{"line":142,"column":32},"end":{"line":146,"column":9}},"line":142},"8":{"name":"(anonymous_8)","decl":{"start":{"line":143,"column":40},"end":{"line":143,"column":41}},"loc":{"start":{"line":143,"column":46},"end":{"line":145,"column":13}},"line":143}},"branchMap":{"0":{"loc":{"start":{"line":40,"column":8},"end":{"line":44,"column":9}},"type":"if","locations":[{"start":{"line":40,"column":8},"end":{"line":44,"column":9}},{"start":{"line":42,"column":15},"end":{"line":44,"column":9}}],"line":40},"1":{"loc":{"start":{"line":63,"column":8},"end":{"line":67,"column":9}},"type":"if","locations":[{"start":{"line":63,"column":8},"end":{"line":67,"column":9}},{"start":{"line":65,"column":15},"end":{"line":67,"column":9}}],"line":63},"2":{"loc":{"start":{"line":102,"column":4},"end":{"line":171,"column":5}},"type":"if","locations":[{"start":{"line":102,"column":4},"end":{"line":171,"column":5}},{"start":{"line":147,"column":11},"end":{"line":171,"column":5}}],"line":102},"3":{"loc":{"start":{"line":132,"column":8},"end":{"line":140,"column":9}},"type":"if","locations":[{"start":{"line":132,"column":8},"end":{"line":140,"column":9}},{"start":{"line":135,"column":13},"end":{"line":140,"column":9}}],"line":132},"4":{"loc":{"start":{"line":135,"column":13},"end":{"line":140,"column":9}},"type":"if","locations":[{"start":{"line":135,"column":13},"end":{"line":140,"column":9}},{"start":{"line":138,"column":13},"end":{"line":140,"column":9}}],"line":135},"5":{"loc":{"start":{"line":162,"column":8},"end":{"line":170,"column":9}},"type":"if","locations":[{"start":{"line":162,"column":8},"end":{"line":170,"column":9}},{"start":{"line":165,"column":13},"end":{"line":170,"column":9}}],"line":162},"6":{"loc":{"start":{"line":165,"column":13},"end":{"line":170,"column":9}},"type":"if","locations":[{"start":{"line":165,"column":13},"end":{"line":170,"column":9}},{"start":{"line":168,"column":13},"end":{"line":170,"column":9}}],"line":165}},"s":{"0":0,"1":0,"2":0,"3":0,"4":0,"5":0,"6":0,"7":0,"8":0,"9":0,"10":0,"11":0,"12":0,"13":0,"14":0,"15":0,"16":0,"17":0,"18":0,"19":0,"20":0,"21":0,"22":0,"23":0,"24":0,"25":0,"26":1,"27":0,"28":0,"29":0,"30":0,"31":0,"32":0,"33":0,"34":0,"35":0,"36":1,"37":1,"38":0,"39":0,"40":0,"41":0,"42":0,"43":0,"44":0,"45":0,"46":0,"47":0,"48":0,"49":0,"50":0,"51":0,"52":0,"53":0,"54":0,"55":0,"56":0,"57":0,"58":0,"59":0,"60":0,"61":0,"62":0,"63":0,"64":0,"65":0,"66":0,"67":0,"68":1,"69":1,"70":1,"71":1,"72":1,"73":1,"74":1,"75":1,"76":1,"77":1,"78":1,"79":1,"80":0,"81":1,"82":0,"83":1,"84":1},"f":{"0":0,"1":0,"2":0,"3":0,"4":0,"5":0,"6":1,"7":0,"8":0},"b":{"0":[0,0],"1":[0,0],"2":[0,1],"3":[0,0],"4":[0,0],"5":[0,1],"6":[0,1]},"_coverageSchema":"1a1c01bbd47fc00a2c39e90264f33305004495a9","hash":"022cb6a38779ef1efc76047c9355e2d4db67add0"}
}
