{"C:\\Users\\bradn\\futureproof\\Front_end_Habitual\\static\\js\\script.js": {"path":"C:\\Users\\bradn\\futureproof\\Front_end_Habitual\\static\\js\\script.js","statementMap":{"0":{"start":{"line":3,"column":19},"end":{"line":3,"column":62}},"1":{"start":{"line":4,"column":15},"end":{"line":4,"column":36}},"2":{"start":{"line":5,"column":4},"end":{"line":5,"column":41}},"3":{"start":{"line":5,"column":26},"end":{"line":5,"column":40}},"4":{"start":{"line":13,"column":19},"end":{"line":13,"column":68}},"5":{"start":{"line":14,"column":15},"end":{"line":14,"column":36}},"6":{"start":{"line":15,"column":4},"end":{"line":15,"column":73}},"7":{"start":{"line":22,"column":4},"end":{"line":22,"column":23}},"8":{"start":{"line":23,"column":4},"end":{"line":44,"column":5}},"9":{"start":{"line":24,"column":24},"end":{"line":33,"column":9}},"10":{"start":{"line":35,"column":25},"end":{"line":35,"column":77}},"11":{"start":{"line":36,"column":28},"end":{"line":36,"column":49}},"12":{"start":{"line":37,"column":8},"end":{"line":41,"column":9}},"13":{"start":{"line":38,"column":12},"end":{"line":38,"column":28}},"14":{"start":{"line":40,"column":12},"end":{"line":40,"column":24}},"15":{"start":{"line":43,"column":8},"end":{"line":43,"column":26}},"16":{"start":{"line":48,"column":4},"end":{"line":48,"column":23}},"17":{"start":{"line":49,"column":4},"end":{"line":67,"column":5}},"18":{"start":{"line":50,"column":24},"end":{"line":56,"column":9}},"19":{"start":{"line":58,"column":25},"end":{"line":58,"column":83}},"20":{"start":{"line":59,"column":28},"end":{"line":59,"column":49}},"21":{"start":{"line":60,"column":8},"end":{"line":64,"column":9}},"22":{"start":{"line":61,"column":12},"end":{"line":61,"column":28}},"23":{"start":{"line":63,"column":12},"end":{"line":63,"column":24}},"24":{"start":{"line":66,"column":8},"end":{"line":66,"column":26}},"25":{"start":{"line":72,"column":18},"end":{"line":91,"column":1}},"26":{"start":{"line":74,"column":17},"end":{"line":74,"column":46}},"27":{"start":{"line":75,"column":21},"end":{"line":75,"column":50}},"28":{"start":{"line":77,"column":4},"end":{"line":77,"column":31}},"29":{"start":{"line":79,"column":22},"end":{"line":79,"column":51}},"30":{"start":{"line":80,"column":4},"end":{"line":80,"column":34}},"31":{"start":{"line":82,"column":4},"end":{"line":82,"column":31}},"32":{"start":{"line":84,"column":29},"end":{"line":84,"column":58}},"33":{"start":{"line":85,"column":4},"end":{"line":85,"column":90}},"34":{"start":{"line":87,"column":4},"end":{"line":87,"column":39}},"35":{"start":{"line":94,"column":16},"end":{"line":165,"column":1}},"36":{"start":{"line":95,"column":4},"end":{"line":161,"column":5}},"37":{"start":{"line":96,"column":23},"end":{"line":96,"column":52}},"38":{"start":{"line":97,"column":8},"end":{"line":97,"column":34}},"39":{"start":{"line":98,"column":8},"end":{"line":98,"column":42}},"40":{"start":{"line":100,"column":29},"end":{"line":100,"column":58}},"41":{"start":{"line":101,"column":8},"end":{"line":101,"column":45}},"42":{"start":{"line":102,"column":8},"end":{"line":102,"column":53}},"43":{"start":{"line":103,"column":8},"end":{"line":103,"column":55}},"44":{"start":{"line":105,"column":31},"end":{"line":105,"column":60}},"45":{"start":{"line":106,"column":8},"end":{"line":106,"column":50}},"46":{"start":{"line":107,"column":8},"end":{"line":107,"column":58}},"47":{"start":{"line":108,"column":8},"end":{"line":108,"column":88}},"48":{"start":{"line":110,"column":27},"end":{"line":110,"column":59}},"49":{"start":{"line":111,"column":8},"end":{"line":111,"column":55}},"50":{"start":{"line":112,"column":8},"end":{"line":112,"column":63}},"51":{"start":{"line":114,"column":8},"end":{"line":114,"column":40}},"52":{"start":{"line":115,"column":8},"end":{"line":115,"column":42}},"53":{"start":{"line":116,"column":8},"end":{"line":116,"column":38}},"54":{"start":{"line":118,"column":25},"end":{"line":118,"column":67}},"55":{"start":{"line":119,"column":26},"end":{"line":119,"column":69}},"56":{"start":{"line":120,"column":27},"end":{"line":120,"column":71}},"57":{"start":{"line":122,"column":8},"end":{"line":130,"column":9}},"58":{"start":{"line":123,"column":12},"end":{"line":123,"column":40}},"59":{"start":{"line":125,"column":13},"end":{"line":130,"column":9}},"60":{"start":{"line":126,"column":12},"end":{"line":126,"column":41}},"61":{"start":{"line":129,"column":12},"end":{"line":129,"column":42}},"62":{"start":{"line":131,"column":25},"end":{"line":131,"column":77}},"63":{"start":{"line":132,"column":8},"end":{"line":136,"column":10}},"64":{"start":{"line":133,"column":12},"end":{"line":135,"column":14}},"65":{"start":{"line":134,"column":16},"end":{"line":134,"column":34}},"66":{"start":{"line":138,"column":23},"end":{"line":138,"column":52}},"67":{"start":{"line":139,"column":8},"end":{"line":139,"column":34}},"68":{"start":{"line":140,"column":8},"end":{"line":140,"column":42}},"69":{"start":{"line":142,"column":29},"end":{"line":142,"column":58}},"70":{"start":{"line":143,"column":8},"end":{"line":143,"column":45}},"71":{"start":{"line":144,"column":8},"end":{"line":144,"column":53}},"72":{"start":{"line":145,"column":8},"end":{"line":145,"column":55}},"73":{"start":{"line":147,"column":8},"end":{"line":147,"column":40}},"74":{"start":{"line":148,"column":25},"end":{"line":148,"column":67}},"75":{"start":{"line":149,"column":26},"end":{"line":149,"column":69}},"76":{"start":{"line":150,"column":27},"end":{"line":150,"column":71}},"77":{"start":{"line":152,"column":8},"end":{"line":160,"column":9}},"78":{"start":{"line":153,"column":12},"end":{"line":153,"column":40}},"79":{"start":{"line":155,"column":13},"end":{"line":160,"column":9}},"80":{"start":{"line":156,"column":12},"end":{"line":156,"column":41}},"81":{"start":{"line":159,"column":12},"end":{"line":159,"column":42}},"82":{"start":{"line":167,"column":0},"end":{"line":168,"column":9}}},"fnMap":{"0":{"name":"fetchAll","decl":{"start":{"line":2,"column":15},"end":{"line":2,"column":23}},"loc":{"start":{"line":2,"column":26},"end":{"line":6,"column":1}},"line":2},"1":{"name":"(anonymous_1)","decl":{"start":{"line":5,"column":17},"end":{"line":5,"column":18}},"loc":{"start":{"line":5,"column":26},"end":{"line":5,"column":40}},"line":5},"2":{"name":"fetchOne","decl":{"start":{"line":11,"column":15},"end":{"line":11,"column":23}},"loc":{"start":{"line":11,"column":28},"end":{"line":18,"column":1}},"line":11},"3":{"name":"postHabit","decl":{"start":{"line":21,"column":15},"end":{"line":21,"column":24}},"loc":{"start":{"line":21,"column":28},"end":{"line":45,"column":1}},"line":21},"4":{"name":"appendFrequency","decl":{"start":{"line":47,"column":15},"end":{"line":47,"column":30}},"loc":{"start":{"line":47,"column":34},"end":{"line":69,"column":1}},"line":47},"5":{"name":"(anonymous_5)","decl":{"start":{"line":72,"column":18},"end":{"line":72,"column":19}},"loc":{"start":{"line":72,"column":55},"end":{"line":91,"column":1}},"line":72},"6":{"name":"(anonymous_6)","decl":{"start":{"line":94,"column":16},"end":{"line":94,"column":17}},"loc":{"start":{"line":94,"column":31},"end":{"line":165,"column":1}},"line":94},"7":{"name":"(anonymous_7)","decl":{"start":{"line":132,"column":25},"end":{"line":132,"column":26}},"loc":{"start":{"line":132,"column":32},"end":{"line":136,"column":9}},"line":132},"8":{"name":"(anonymous_8)","decl":{"start":{"line":133,"column":40},"end":{"line":133,"column":41}},"loc":{"start":{"line":133,"column":46},"end":{"line":135,"column":13}},"line":133}},"branchMap":{"0":{"loc":{"start":{"line":37,"column":8},"end":{"line":41,"column":9}},"type":"if","locations":[{"start":{"line":37,"column":8},"end":{"line":41,"column":9}},{"start":{"line":39,"column":15},"end":{"line":41,"column":9}}],"line":37},"1":{"loc":{"start":{"line":60,"column":8},"end":{"line":64,"column":9}},"type":"if","locations":[{"start":{"line":60,"column":8},"end":{"line":64,"column":9}},{"start":{"line":62,"column":15},"end":{"line":64,"column":9}}],"line":60},"2":{"loc":{"start":{"line":95,"column":4},"end":{"line":161,"column":5}},"type":"if","locations":[{"start":{"line":95,"column":4},"end":{"line":161,"column":5}},{"start":{"line":137,"column":11},"end":{"line":161,"column":5}}],"line":95},"3":{"loc":{"start":{"line":122,"column":8},"end":{"line":130,"column":9}},"type":"if","locations":[{"start":{"line":122,"column":8},"end":{"line":130,"column":9}},{"start":{"line":125,"column":13},"end":{"line":130,"column":9}}],"line":122},"4":{"loc":{"start":{"line":125,"column":13},"end":{"line":130,"column":9}},"type":"if","locations":[{"start":{"line":125,"column":13},"end":{"line":130,"column":9}},{"start":{"line":128,"column":13},"end":{"line":130,"column":9}}],"line":125},"5":{"loc":{"start":{"line":152,"column":8},"end":{"line":160,"column":9}},"type":"if","locations":[{"start":{"line":152,"column":8},"end":{"line":160,"column":9}},{"start":{"line":155,"column":13},"end":{"line":160,"column":9}}],"line":152},"6":{"loc":{"start":{"line":155,"column":13},"end":{"line":160,"column":9}},"type":"if","locations":[{"start":{"line":155,"column":13},"end":{"line":160,"column":9}},{"start":{"line":158,"column":13},"end":{"line":160,"column":9}}],"line":155}},"s":{"0":0,"1":0,"2":0,"3":0,"4":0,"5":0,"6":0,"7":0,"8":0,"9":0,"10":0,"11":0,"12":0,"13":0,"14":0,"15":0,"16":0,"17":0,"18":0,"19":0,"20":0,"21":0,"22":0,"23":0,"24":0,"25":1,"26":0,"27":0,"28":0,"29":0,"30":0,"31":0,"32":0,"33":0,"34":0,"35":1,"36":1,"37":0,"38":0,"39":0,"40":0,"41":0,"42":0,"43":0,"44":0,"45":0,"46":0,"47":0,"48":0,"49":0,"50":0,"51":0,"52":0,"53":0,"54":0,"55":0,"56":0,"57":0,"58":0,"59":0,"60":0,"61":0,"62":0,"63":0,"64":0,"65":0,"66":1,"67":1,"68":1,"69":1,"70":1,"71":1,"72":1,"73":1,"74":1,"75":1,"76":1,"77":1,"78":0,"79":1,"80":0,"81":1,"82":1},"f":{"0":0,"1":0,"2":0,"3":0,"4":0,"5":0,"6":1,"7":0,"8":0},"b":{"0":[0,0],"1":[0,0],"2":[0,1],"3":[0,0],"4":[0,0],"5":[0,1],"6":[0,1]},"_coverageSchema":"1a1c01bbd47fc00a2c39e90264f33305004495a9","hash":"e7a75aec93e08e99fc0e9be9eaeac2f97ca8e24a"}
}
