TN:
SF:static\js\script.js
FN:2,fetchAll
FN:5,(anonymous_1)
FN:11,fetchOne
FN:21,postHabit
FN:47,appendFrequency
FN:72,(anonymous_5)
FN:94,(anonymous_6)
FN:132,(anonymous_7)
FN:133,(anonymous_8)
FNF:9
FNH:1
FNDA:0,fetchAll
FNDA:0,(anonymous_1)
FNDA:0,fetchOne
FNDA:0,postHabit
FNDA:0,appendFrequency
FNDA:0,(anonymous_5)
FNDA:1,(anonymous_6)
FNDA:0,(anonymous_7)
FNDA:0,(anonymous_8)
DA:3,0
DA:4,0
DA:5,0
DA:13,0
DA:14,0
DA:15,0
DA:22,0
DA:23,0
DA:24,0
DA:35,0
DA:36,0
DA:37,0
DA:38,0
DA:40,0
DA:43,0
DA:48,0
DA:49,0
DA:50,0
DA:58,0
DA:59,0
DA:60,0
DA:61,0
DA:63,0
DA:66,0
DA:72,1
DA:74,0
DA:75,0
DA:77,0
DA:79,0
DA:80,0
DA:82,0
DA:84,0
DA:85,0
DA:87,0
DA:94,1
DA:95,1
DA:96,0
DA:97,0
DA:98,0
DA:100,0
DA:101,0
DA:102,0
DA:103,0
DA:105,0
DA:106,0
DA:107,0
DA:108,0
DA:110,0
DA:111,0
DA:112,0
DA:114,0
DA:115,0
DA:116,0
DA:118,0
DA:119,0
DA:120,0
DA:122,0
DA:123,0
DA:125,0
DA:126,0
DA:129,0
DA:131,0
DA:132,0
DA:133,0
DA:134,0
DA:138,1
DA:139,1
DA:140,1
DA:142,1
DA:143,1
DA:144,1
DA:145,1
DA:147,1
DA:148,1
DA:149,1
DA:150,1
DA:152,1
DA:153,0
DA:155,1
DA:156,0
DA:159,1
DA:167,1
LF:82
LH:18
BRDA:37,0,0,0
BRDA:37,0,1,0
BRDA:60,1,0,0
BRDA:60,1,1,0
BRDA:95,2,0,0
BRDA:95,2,1,1
BRDA:122,3,0,0
BRDA:122,3,1,0
BRDA:125,4,0,0
BRDA:125,4,1,0
BRDA:152,5,0,0
BRDA:152,5,1,1
BRDA:155,6,0,0
BRDA:155,6,1,1
BRF:14
BRH:3
end_of_record
