TN:
SF:static\js\script.js
FN:5,fetchAll
FN:8,(anonymous_1)
FN:14,fetchOne
FN:24,postHabit
FN:50,appendFrequency
FN:75,(anonymous_5)
FN:101,(anonymous_6)
FN:142,(anonymous_7)
FN:143,(anonymous_8)
FNF:9
FNH:1
FNDA:0,fetchAll
FNDA:0,(anonymous_1)
FNDA:0,fetchOne
FNDA:0,postHabit
FNDA:0,appendFrequency
FNDA:0,(anonymous_5)
FNDA:1,(anonymous_6)
FNDA:0,(anonymous_7)
FNDA:0,(anonymous_8)
DA:6,0
DA:7,0
DA:8,0
DA:16,0
DA:17,0
DA:18,0
DA:25,0
DA:26,0
DA:27,0
DA:38,0
DA:39,0
DA:40,0
DA:41,0
DA:43,0
DA:46,0
DA:51,0
DA:52,0
DA:53,0
DA:60,0
DA:61,0
DA:62,0
DA:63,0
DA:64,0
DA:66,0
DA:69,0
DA:75,1
DA:77,0
DA:78,0
DA:80,0
DA:82,0
DA:83,0
DA:85,0
DA:87,0
DA:88,0
DA:90,0
DA:101,1
DA:102,1
DA:103,0
DA:104,0
DA:105,0
DA:107,0
DA:108,0
DA:109,0
DA:110,0
DA:113,0
DA:114,0
DA:115,0
DA:116,0
DA:118,0
DA:119,0
DA:120,0
DA:121,0
DA:123,0
DA:124,0
DA:125,0
DA:128,0
DA:129,0
DA:130,0
DA:132,0
DA:133,0
DA:135,0
DA:136,0
DA:139,0
DA:141,0
DA:142,0
DA:143,0
DA:144,0
DA:148,1
DA:149,1
DA:150,1
DA:152,1
DA:153,1
DA:154,1
DA:155,1
DA:157,1
DA:158,1
DA:159,1
DA:160,1
DA:162,1
DA:163,0
DA:165,1
DA:166,0
DA:169,1
DA:176,1
LF:84
LH:18
BRDA:40,0,0,0
BRDA:40,0,1,0
BRDA:63,1,0,0
BRDA:63,1,1,0
BRDA:102,2,0,0
BRDA:102,2,1,1
BRDA:132,3,0,0
BRDA:132,3,1,0
BRDA:135,4,0,0
BRDA:135,4,1,0
BRDA:162,5,0,0
BRDA:162,5,1,1
BRDA:165,6,0,0
BRDA:165,6,1,1
BRF:14
BRH:3
end_of_record
